<?xml version="1.0" encoding="UTF-8"?>
<!-- Generated by org.testng.reporters.JUnitXMLReporter -->
<testsuite ignored="0" hostname="DESKTOP-2JV28L1" failures="0" tests="3" name="Test" time="4.485" errors="0" timestamp="2023-04-18T17:12:14 IST">
  <testcase classname="ecommarceapi.Login" name="LoginMethod" time="3.16"/>
  <testcase classname="ecommarceapi.AddProduct" name="AddProduct1" time="0.983"/>
  <testcase classname="ecommarceapi.PlaceOrder" name="Placeorder1" time="0.283"/>
</testsuite> <!-- Test -->
